running develop
running egg_info
creating isaac_slam_config.egg-info
writing isaac_slam_config.egg-info/PKG-INFO
writing dependency_links to isaac_slam_config.egg-info/dependency_links.txt
writing entry points to isaac_slam_config.egg-info/entry_points.txt
writing requirements to isaac_slam_config.egg-info/requires.txt
writing top-level names to isaac_slam_config.egg-info/top_level.txt
writing manifest file 'isaac_slam_config.egg-info/SOURCES.txt'
reading manifest file 'isaac_slam_config.egg-info/SOURCES.txt'
writing manifest file 'isaac_slam_config.egg-info/SOURCES.txt'
running build_ext
Creating /slam_ws/install/isaac_slam_config/lib/python3.10/site-packages/isaac-slam-config.egg-link (link to .)

Installed /slam_ws/build/isaac_slam_config
running symlink_data
creating /slam_ws/install/isaac_slam_config/share/ament_index
creating /slam_ws/install/isaac_slam_config/share/ament_index/resource_index
creating /slam_ws/install/isaac_slam_config/share/ament_index/resource_index/packages
symbolically linking /slam_ws/build/isaac_slam_config/resource/isaac_slam_config -> /slam_ws/install/isaac_slam_config/share/ament_index/resource_index/packages
symbolically linking /slam_ws/build/isaac_slam_config/package.xml -> /slam_ws/install/isaac_slam_config/share/isaac_slam_config
creating /slam_ws/install/isaac_slam_config/share/isaac_slam_config/launch
symbolically linking /slam_ws/build/isaac_slam_config/launch/navigation.launch.py -> /slam_ws/install/isaac_slam_config/share/isaac_slam_config/launch
symbolically linking /slam_ws/build/isaac_slam_config/launch/mapping.launch.py -> /slam_ws/install/isaac_slam_config/share/isaac_slam_config/launch
creating /slam_ws/install/isaac_slam_config/share/isaac_slam_config/config
symbolically linking /slam_ws/build/isaac_slam_config/config/mapper_params_online_async.yaml -> /slam_ws/install/isaac_slam_config/share/isaac_slam_config/config
symbolically linking /slam_ws/build/isaac_slam_config/config/nav2_params.yaml -> /slam_ws/install/isaac_slam_config/share/isaac_slam_config/config
creating /slam_ws/install/isaac_slam_config/share/isaac_slam_config/maps
symbolically linking /slam_ws/build/isaac_slam_config/maps/warehouse.yaml -> /slam_ws/install/isaac_slam_config/share/isaac_slam_config/maps
symbolically linking /slam_ws/build/isaac_slam_config/maps/warehouse.pgm -> /slam_ws/install/isaac_slam_config/share/isaac_slam_config/maps
symbolically linking /slam_ws/build/isaac_slam_config/config/mapping.rviz -> /slam_ws/install/isaac_slam_config/share/isaac_slam_config/config
symbolically linking /slam_ws/build/isaac_slam_config/config/slam_toolbox_default.rviz -> /slam_ws/install/isaac_slam_config/share/isaac_slam_config/config
